timestamp: 2018-06-12T21:56:49.888000
CREATE TABLE "web2py_session_mercenary_game"(
    "id" INTEGER PRIMARY KEY AUTOINCREMENT,
    "locked" CHAR(1),
    "client_ip" CHAR(64),
    "created_datetime" TIMESTAMP,
    "modified_datetime" TIMESTAMP,
    "unique_key" CHAR(64),
    "session_data" BLOB
);
success!
timestamp: 2018-06-12T21:56:49.948000
CREATE TABLE "auth_user"(
    "id" INTEGER PRIMARY KEY AUTOINCREMENT,
    "first_name" CHAR(128),
    "last_name" CHAR(128),
    "email" CHAR(512),
    "password" CHAR(512),
    "registration_key" CHAR(512),
    "reset_password_key" CHAR(512),
    "registration_id" CHAR(512)
);
success!
timestamp: 2018-06-12T21:56:49.988000
CREATE TABLE "auth_group"(
    "id" INTEGER PRIMARY KEY AUTOINCREMENT,
    "role" CHAR(512),
    "description" TEXT
);
success!
timestamp: 2018-06-12T21:56:50.027000
CREATE TABLE "auth_membership"(
    "id" INTEGER PRIMARY KEY AUTOINCREMENT,
    "user_id" INTEGER REFERENCES "auth_user" ("id") ON DELETE CASCADE  ,
    "group_id" INTEGER REFERENCES "auth_group" ("id") ON DELETE CASCADE  
);
success!
timestamp: 2018-06-12T21:56:50.066000
CREATE TABLE "auth_permission"(
    "id" INTEGER PRIMARY KEY AUTOINCREMENT,
    "group_id" INTEGER REFERENCES "auth_group" ("id") ON DELETE CASCADE  ,
    "name" CHAR(512),
    "table_name" CHAR(512),
    "record_id" INTEGER
);
success!
timestamp: 2018-06-12T21:56:50.102000
CREATE TABLE "auth_event"(
    "id" INTEGER PRIMARY KEY AUTOINCREMENT,
    "time_stamp" TIMESTAMP,
    "client_ip" CHAR(512),
    "user_id" INTEGER REFERENCES "auth_user" ("id") ON DELETE CASCADE  ,
    "origin" CHAR(512),
    "description" TEXT
);
success!
timestamp: 2018-06-12T21:56:50.136000
CREATE TABLE "auth_cas"(
    "id" INTEGER PRIMARY KEY AUTOINCREMENT,
    "user_id" INTEGER REFERENCES "auth_user" ("id") ON DELETE CASCADE  ,
    "created_on" TIMESTAMP,
    "service" CHAR(512),
    "ticket" CHAR(512),
    "renew" CHAR(1)
);
success!
timestamp: 2018-06-12T21:56:50.176000
CREATE TABLE "userdb"(
    "id" INTEGER PRIMARY KEY AUTOINCREMENT,
    "user_email" CHAR(512),
    "created_on" TIMESTAMP,
    "updated_on" TIMESTAMP,
    "max_health" INTEGER,
    "current_health" INTEGER,
    "equipped_weapon" CHAR(512),
    "equipped_armor" CHAR(512),
    "coal" INTEGER,
    "iron" INTEGER,
    "mithril" INTEGER,
    "steel" INTEGER,
    "wood" INTEGER,
    "leather" INTEGER,
    "w_sword" INTEGER,
    "i_sword" INTEGER,
    "s_sword" INTEGER,
    "m_sword" INTEGER,
    "leather_armor" INTEGER,
    "iron_armor" INTEGER,
    "steel_armor" INTEGER,
    "mithril_armor" INTEGER,
    "food" INTEGER,
    "fighter_count" CHAR(512),
    "fighter_health" CHAR(512),
    "available_villagers" INTEGER,
    "wood_gatherers" INTEGER,
    "coal_miners" INTEGER,
    "iron_miners" INTEGER,
    "mithril_miners" INTEGER,
    "hunters" INTEGER,
    "enemies_defeated" INTEGER
);
success!
